{
  "stats": {
    "suites": 1,
    "tests": 3,
    "passes": 3,
    "pending": 0,
    "failures": 0,
    "start": "2024-09-20T14:48:15.368Z",
    "end": "2024-09-20T14:49:00.871Z",
    "duration": 45503,
    "testsRegistered": 3,
    "passPercent": 100,
    "pendingPercent": 0,
    "other": 0,
    "hasOther": false,
    "skipped": 0,
    "hasSkipped": false
  },
  "results": [
    {
      "uuid": "ff39bde5-ad74-458a-a1a2-9a8909c34c28",
      "title": "",
      "fullFile": "cypress\\e2e\\TC004_Employee.cy.js",
      "file": "cypress\\e2e\\TC004_Employee.cy.js",
      "beforeHooks": [],
      "afterHooks": [],
      "tests": [],
      "suites": [
        {
          "uuid": "c682f12a-b5ea-4134-8bd2-a3d05691775b",
          "title": "Employee Module",
          "fullFile": "",
          "file": "",
          "beforeHooks": [],
          "afterHooks": [],
          "tests": [
            {
              "title": "Add Employee",
              "fullTitle": "Employee Module Add Employee",
              "timedOut": null,
              "duration": 23121,
              "state": "passed",
              "speed": "slow",
              "pass": true,
              "fail": false,
              "pending": false,
              "context": null,
              "code": "emp.clickEmpdrp();\nemp.clickNewEmp();\nemp.inputEmpName(fname, lname);\nemp.selectCountry('Nigeria').contains('Nigeria').click();\nemp.inputPhoneno(phoneno);\nemp.SelectRole('Manager');\nemp.uploadEmpPfp('cypress/fixtures/test.png');\nemp.inputEmail(email);\nemp.Password(pwd);\nemp.Submit();\nemp.ConfirmEmpCreation().then(x => {\n  let confrimationmsg = x.text();\n  expect(confrimationmsg).to.equal('Employee added successfully!');\n});",
              "err": {},
              "uuid": "ed6aeeb0-e552-400b-b3a5-cafafc842c90",
              "parentUUID": "c682f12a-b5ea-4134-8bd2-a3d05691775b",
              "isHook": false,
              "skipped": false
            },
            {
              "title": "Confrim Employee",
              "fullTitle": "Employee Module Confrim Employee",
              "timedOut": null,
              "duration": 8088,
              "state": "passed",
              "speed": "medium",
              "pass": true,
              "fail": false,
              "pending": false,
              "context": null,
              "code": "emp.ListofEmp();\nemp.ConfirmEmp(2).contains(fname);\nemp.ConfirmEmp(5).then(role => {\n  let empRole = role.text();\n  assert.equal(empRole, 'Manager');\n});",
              "err": {},
              "uuid": "76f06aa2-4955-41d8-a09d-acf32ef78baa",
              "parentUUID": "c682f12a-b5ea-4134-8bd2-a3d05691775b",
              "isHook": false,
              "skipped": false
            },
            {
              "title": "Delete Employee",
              "fullTitle": "Employee Module Delete Employee",
              "timedOut": null,
              "duration": 10550,
              "state": "passed",
              "speed": "slow",
              "pass": true,
              "fail": false,
              "pending": false,
              "context": null,
              "code": "emp.ListofEmp();\nemp.DeleteEmp();\nemp.ConfirmEmpDeletion().then(x => {\n  let deletemsg = x.text();\n  expect(deletemsg).to.equal('Employee deleted successfully');\n});",
              "err": {},
              "uuid": "f556c1e7-daf3-4f49-803e-b9e5e7d83256",
              "parentUUID": "c682f12a-b5ea-4134-8bd2-a3d05691775b",
              "isHook": false,
              "skipped": false
            }
          ],
          "suites": [],
          "passes": [
            "ed6aeeb0-e552-400b-b3a5-cafafc842c90",
            "76f06aa2-4955-41d8-a09d-acf32ef78baa",
            "f556c1e7-daf3-4f49-803e-b9e5e7d83256"
          ],
          "failures": [],
          "pending": [],
          "skipped": [],
          "duration": 41759,
          "root": false,
          "rootEmpty": false,
          "_timeout": 2000
        }
      ],
      "passes": [],
      "failures": [],
      "pending": [],
      "skipped": [],
      "duration": 0,
      "root": true,
      "rootEmpty": true,
      "_timeout": 2000
    }
  ],
  "meta": {
    "mocha": {
      "version": "7.0.1"
    },
    "mochawesome": {
      "options": {
        "quiet": false,
        "reportFilename": "mochawesome",
        "saveHtml": false,
        "saveJson": true,
        "consoleReporter": "spec",
        "useInlineDiffs": false,
        "code": true
      },
      "version": "7.1.3"
    },
    "marge": {
      "options": {
        "reportDir": "cypress/reports/html",
        "overwrite": false,
        "html": false,
        "json": true
      },
      "version": "6.2.0"
    }
  }
}