{
  "stats": {
    "suites": 1,
    "tests": 3,
    "passes": 3,
    "pending": 0,
    "failures": 0,
    "start": "2024-09-20T14:37:47.481Z",
    "end": "2024-09-20T14:39:08.182Z",
    "duration": 80701,
    "testsRegistered": 3,
    "passPercent": 100,
    "pendingPercent": 0,
    "other": 0,
    "hasOther": false,
    "skipped": 0,
    "hasSkipped": false
  },
  "results": [
    {
      "uuid": "d3838a65-8c50-4d66-90a1-38c639fa443e",
      "title": "",
      "fullFile": "cypress\\e2e\\TC004_Employee.cy.js",
      "file": "cypress\\e2e\\TC004_Employee.cy.js",
      "beforeHooks": [],
      "afterHooks": [],
      "tests": [],
      "suites": [
        {
          "uuid": "6f8d785a-f589-4c9f-99fc-a2277e5980c8",
          "title": "Employee Module",
          "fullFile": "",
          "file": "",
          "beforeHooks": [],
          "afterHooks": [],
          "tests": [
            {
              "title": "Add Employee",
              "fullTitle": "Employee Module Add Employee",
              "timedOut": null,
              "duration": 48876,
              "state": "passed",
              "speed": "slow",
              "pass": true,
              "fail": false,
              "pending": false,
              "context": null,
              "code": "emp.clickEmpdrp();\nemp.clickNewEmp();\nemp.inputEmpName(fname, lname);\nemp.selectCountry('Nigeria').contains('Nigeria').click();\nemp.inputPhoneno(phoneno);\nemp.SelectRole('Manager');\nemp.uploadEmpPfp('cypress/fixtures/test.png');\nemp.inputEmail(email);\nemp.Password(pwd);\nemp.Submit();\nemp.ConfirmEmpCreation().then(x => {\n  let confrimationmsg = x.text();\n  expect(confrimationmsg).to.equal('Employee added successfully!');\n});",
              "err": {},
              "uuid": "f0a3d906-1240-4ca0-a932-8360dac7c6d5",
              "parentUUID": "6f8d785a-f589-4c9f-99fc-a2277e5980c8",
              "isHook": false,
              "skipped": false
            },
            {
              "title": "Confrim Employee",
              "fullTitle": "Employee Module Confrim Employee",
              "timedOut": null,
              "duration": 9431,
              "state": "passed",
              "speed": "medium",
              "pass": true,
              "fail": false,
              "pending": false,
              "context": null,
              "code": "emp.ListofEmp();\nemp.ConfirmEmp(2).contains(fname);\nemp.ConfirmEmp(5).then(role => {\n  let empRole = role.text();\n  assert.equal(empRole, 'Manager');\n});",
              "err": {},
              "uuid": "23ab9364-fb81-44e3-b751-01514586a140",
              "parentUUID": "6f8d785a-f589-4c9f-99fc-a2277e5980c8",
              "isHook": false,
              "skipped": false
            },
            {
              "title": "Delete Employee",
              "fullTitle": "Employee Module Delete Employee",
              "timedOut": null,
              "duration": 12112,
              "state": "passed",
              "speed": "slow",
              "pass": true,
              "fail": false,
              "pending": false,
              "context": null,
              "code": "emp.ListofEmp();\nemp.DeleteEmp();\nemp.ConfirmEmpDeletion().then(x => {\n  let deletemsg = x.text();\n  expect(deletemsg).to.equal('Employee deleted successfully');\n});",
              "err": {},
              "uuid": "5f8619ee-63a0-4dfc-9344-23ab0f293d08",
              "parentUUID": "6f8d785a-f589-4c9f-99fc-a2277e5980c8",
              "isHook": false,
              "skipped": false
            }
          ],
          "suites": [],
          "passes": [
            "f0a3d906-1240-4ca0-a932-8360dac7c6d5",
            "23ab9364-fb81-44e3-b751-01514586a140",
            "5f8619ee-63a0-4dfc-9344-23ab0f293d08"
          ],
          "failures": [],
          "pending": [],
          "skipped": [],
          "duration": 70419,
          "root": false,
          "rootEmpty": false,
          "_timeout": 2000
        }
      ],
      "passes": [],
      "failures": [],
      "pending": [],
      "skipped": [],
      "duration": 0,
      "root": true,
      "rootEmpty": true,
      "_timeout": 2000
    }
  ],
  "meta": {
    "mocha": {
      "version": "7.0.1"
    },
    "mochawesome": {
      "options": {
        "quiet": false,
        "reportFilename": "mochawesome",
        "saveHtml": true,
        "saveJson": true,
        "consoleReporter": "spec",
        "useInlineDiffs": false,
        "code": true
      },
      "version": "7.1.3"
    },
    "marge": {
      "options": null,
      "version": "6.2.0"
    }
  }
}